
ROM used:   120/65536 (0%)
            120/65536 (0%) including unused fragments

            0.1 Average locations per line
            12.0 Average locations per statement

RAM used:   6/3968 (0%) at main() level
            7/3968 (0%) worst case

Stack used: 0 worst case (0 in main + 0 for interrupts)
Stack size: 31

Lines Stmts  %   Files
----- ----- ---  -----
   19    10 100  Practica 1111.c
  854     0   0  ..\..\..\..\..\..\Program Files (x86)\PICC\Devices\18F4620.h
----- -----
  873    10 Total

Page ROM  %  RAM    Vol Diff  Functions:
---- --- --- ---    --- ----  ----------
0     46  19    1             @delay_ms1
0     70  29    2    199  3.6  main
 Inline         0             @cinit1

Program metrics:
    Functions               1
    Statements              10
    Comments                156
    Volume (V)              203
    Difficulty (D)          3.3
    Effort to implement (E) 671
    Time to implement (T)   1 minutes
    Est Delivered Bugs (B)  0
    Cyclomatic Complexity   1
    Maintainability (MI)    130

 Segment     Used  Free
-----------  ----  ----
00000-00002     4  0  
00004-0FFFE   116  65416  



